Arguments: 
  C:\Program Files\nodejs\node.exe C:\Program Files\nodejs\node_modules\yarn\bin\yarn.js install --production --no-optional --network-timeout 1000000

PATH: 
  D:\demo\mern\construction-management\backend\node_modules\.bin;D:\demo\mern\construction-management\node_modules\.bin;D:\demo\mern\node_modules\.bin;D:\demo\node_modules\.bin;D:\node_modules\.bin;C:\Program Files\nodejs;C:\Users\vnhuyen\AppData\Local\Temp\yarn--1670403932882-0.7353708222752311;C:\Users\vnhuyen\AppData\Local\Yarn\Data\global\node_modules\.bin;C:\Users\vnhuyen\AppData\Local\Yarn\Data\link\node_modules\.bin;C:\Program Files\libexec\lib\node_modules\npm\bin\node-gyp-bin;C:\Program Files\lib\node_modules\npm\bin\node-gyp-bin;C:\Program Files\nodejs\node_modules\npm\bin\node-gyp-bin;C:\Program Files (x86)\Common Files\Oracle\Java\javapath;bin;C:\ProgramData\scoop\shims;C:\ProgramData\Oracle\Java\javapath;C:\windows\system32;C:\windows;C:\windows\System32\Wbem;C:\windows\System32\WindowsPowerShell\v1.0\;C:\windows\System32\OpenSSH\;C:\Program Files\Git\cmd;C:\Program Files\erl10.7\bin;C:\Program Files\Docker\Docker\resources\bin;C:\ProgramData\DockerDesktop\version-bin;C:\Program Files (x86)\Elixir\bin;C:\Users\vnhuyen\.mix\escripts;C:\Program Files (x86)\Yarn\bin\;C:\ProgramData\chocolatey\bin;C:\Program Files\TortoiseGit\bin;C:\Users\vnhuyen\AppData\Roaming\nvm;C:\Program Files\nodejs;C:\WINDOWS\system32;C:\WINDOWS;C:\WINDOWS\System32\Wbem;C:\WINDOWS\System32\WindowsPowerShell\v1.0\;C:\WINDOWS\System32\OpenSSH\;C:\Program Files\MySQL\MySQL Shell 8.0\bin\;bin;C:\Users\vnhuyen\scoop\shims;C:\Users\vnhuyen\AppData\Local\Microsoft\WindowsApps;C:\Users\vnhuyen\AppData\Local\gitkraken\bin;C:\Users\vnhuyen\AppData\Local\GitHubDesktop\bin;C:\Users\vnhuyen\AppData\Local\Programs\Microsoft VS Code\bin;C:\Users\vnhuyen\AppData\Local\Yarn\.bin;C:\Users\vnhuyen\AppData\Local\Yarn\bin;C:\Users\vnhuyen\AppData\Roaming\nvm;C:\Program Files\nodejs;C:\Users\vnhuyen\AppData\Local\Microsoft\WindowsApps;C:\Program Files\heroku\bin

Yarn version: 
  1.22.17

Node version: 
  16.13.0

Platform: 
  win32 x64

Trace: 
  Error: https://registry.yarnpkg.com/date-fns/-/date-fns-2.29.2.tgz: ESOCKETTIMEDOUT
      at ClientRequest.<anonymous> (C:\Users\vnhuyen\AppData\Roaming\nvm\v16.13.0\node_modules\yarn\lib\cli.js:141510:19)
      at Object.onceWrapper (node:events:509:28)
      at ClientRequest.emit (node:events:390:28)
      at TLSSocket.emitRequestTimeout (node:_http_client:763:9)
      at Object.onceWrapper (node:events:509:28)
      at TLSSocket.emit (node:events:402:35)
      at TLSSocket.Socket._onTimeout (node:net:501:8)
      at listOnTimeout (node:internal/timers:557:17)
      at processTimers (node:internal/timers:500:7)

npm manifest: 
  {
    "name": "backend",
    "private": true,
    "version": "0.1.0",
    "description": "A Strapi application",
    "scripts": {
      "develop": "strapi develop",
      "start": "strapi start",
      "build": "strapi build",
      "strapi": "strapi"
    },
    "devDependencies": {},
    "dependencies": {
      "@strapi/strapi": "4.5.3",
      "@strapi/plugin-users-permissions": "4.5.3",
      "@strapi/plugin-i18n": "4.5.3",
      "better-sqlite3": "7.4.6"
    },
    "author": {
      "name": "A Strapi developer"
    },
    "strapi": {
      "uuid": "af156c8d-9dd1-4791-8898-85c1a808da22"
    },
    "engines": {
      "node": ">=14.19.1 <=18.x.x",
      "npm": ">=6.0.0"
    },
    "license": "MIT"
  }

yarn manifest: 
  No manifest

Lockfile: 
  No lockfile
